

Processing ApplicationController#index (for 128.214.11.7 at 2009-11-12 01:42:15) [GET]

NameError (uninitialized constant CourseController):
  passenger (2.2.5) lib/phusion_passenger/rack/request_handler.rb:95:in `process_request'
  passenger (2.2.5) lib/phusion_passenger/abstract_request_handler.rb:207:in `main_loop'
  passenger (2.2.5) lib/phusion_passenger/railz/application_spawner.rb:378:in `start_request_handler'
  passenger (2.2.5) lib/phusion_passenger/railz/application_spawner.rb:336:in `handle_spawn_application'
  passenger (2.2.5) lib/phusion_passenger/utils.rb:183:in `safe_fork'
  passenger (2.2.5) lib/phusion_passenger/railz/application_spawner.rb:334:in `handle_spawn_application'
  passenger (2.2.5) lib/phusion_passenger/abstract_server.rb:352:in `__send__'
  passenger (2.2.5) lib/phusion_passenger/abstract_server.rb:352:in `main_loop'
  passenger (2.2.5) lib/phusion_passenger/abstract_server.rb:196:in `start_synchronously'
  passenger (2.2.5) lib/phusion_passenger/abstract_server.rb:163:in `start'
  passenger (2.2.5) lib/phusion_passenger/railz/application_spawner.rb:213:in `start'
  passenger (2.2.5) lib/phusion_passenger/spawn_manager.rb:262:in `spawn_rails_application'
  passenger (2.2.5) lib/phusion_passenger/abstract_server_collection.rb:126:in `lookup_or_add'
  passenger (2.2.5) lib/phusion_passenger/spawn_manager.rb:256:in `spawn_rails_application'
  passenger (2.2.5) lib/phusion_passenger/abstract_server_collection.rb:80:in `synchronize'
  passenger (2.2.5) lib/phusion_passenger/abstract_server_collection.rb:79:in `synchronize'
  passenger (2.2.5) lib/phusion_passenger/spawn_manager.rb:255:in `spawn_rails_application'
  passenger (2.2.5) lib/phusion_passenger/spawn_manager.rb:154:in `spawn_application'
  passenger (2.2.5) lib/phusion_passenger/spawn_manager.rb:287:in `handle_spawn_application'
  passenger (2.2.5) lib/phusion_passenger/abstract_server.rb:352:in `__send__'
  passenger (2.2.5) lib/phusion_passenger/abstract_server.rb:352:in `main_loop'
  passenger (2.2.5) lib/phusion_passenger/abstract_server.rb:196:in `start_synchronously'

Rendering /home/jkoivuko/rails/public/500.html (500 Internal Server Error)


Processing CoursesController#index (for 128.214.11.7 at 2009-11-12 01:43:54) [GET]
Rendering template within layouts/courses
Rendering courses/index
Completed in 26ms (View: 20, DB: 2) | 200 OK [http://jkoivuko.rails.cs.helsinki.fi/]


Processing CoursesController#show (for 128.214.11.7 at 2009-11-12 01:44:03) [GET]
  Parameters: {"id"=>"1"}
Rendering template within layouts/courses
Rendering courses/show
Completed in 3ms (View: 1, DB: 1) | 200 OK [http://jkoivuko.rails.cs.helsinki.fi/courses/1]


Processing CoursesController#index (for 128.214.11.7 at 2009-11-12 01:44:07) [GET]
Rendering template within layouts/courses
Rendering courses/index
Completed in 5ms (View: 3, DB: 0) | 200 OK [http://jkoivuko.rails.cs.helsinki.fi/courses]


Processing CoursesController#index (for 128.214.11.7 at 2009-11-12 03:29:45) [GET]
Rendering template within layouts/courses
Rendering courses/index
Completed in 57ms (View: 52, DB: 2) | 200 OK [http://jkoivuko.rails.cs.helsinki.fi/]


Processing CoursesController#show (for 128.214.11.7 at 2009-11-12 03:29:53) [GET]
  Parameters: {"id"=>"2"}
Rendering template within layouts/courses
Rendering courses/show
Completed in 4ms (View: 2, DB: 1) | 200 OK [http://jkoivuko.rails.cs.helsinki.fi/courses/2]


Processing CoursesController#index (for 128.214.11.7 at 2009-11-12 03:29:58) [GET]
Rendering template within layouts/courses
Rendering courses/index
Completed in 151ms (View: 149, DB: 0) | 200 OK [http://jkoivuko.rails.cs.helsinki.fi/courses]


Processing CoursesController#show (for 128.214.11.7 at 2009-11-12 03:30:03) [GET]
  Parameters: {"id"=>"2"}
Rendering template within layouts/courses
Rendering courses/show
Completed in 3ms (View: 1, DB: 0) | 200 OK [http://jkoivuko.rails.cs.helsinki.fi/courses/2]


Processing CoursesController#edit (for 128.214.11.7 at 2009-11-12 03:30:09) [GET]
  Parameters: {"id"=>"2"}
Rendering template within layouts/courses
Rendering courses/edit
Completed in 4ms (View: 3, DB: 0) | 200 OK [http://jkoivuko.rails.cs.helsinki.fi/courses/2/edit]


Processing CoursesController#update (for 128.214.11.7 at 2009-11-12 03:30:14) [PUT]
  Parameters: {"commit"=>"Update", "authenticity_token"=>"gp26CzChYSXBYDalMOVF+Yw4UNTq8zD9wh+w2ErXdCI=", "id"=>"2"}
Redirected to http://jkoivuko.rails.cs.helsinki.fi/courses/2
Completed in 3ms (DB: 0) | 302 Found [http://jkoivuko.rails.cs.helsinki.fi/courses/2]


Processing CoursesController#index (for 128.214.11.7 at 2009-11-12 03:30:21) [GET]
Rendering template within layouts/courses
Rendering courses/index
Completed in 26ms (View: 24, DB: 0) | 200 OK [http://jkoivuko.rails.cs.helsinki.fi/courses]


Processing CoursesController#show (for 128.214.11.7 at 2009-11-12 03:30:25) [GET]
  Parameters: {"id"=>"2"}
Rendering template within layouts/courses
Rendering courses/show
Completed in 2ms (View: 1, DB: 0) | 200 OK [http://jkoivuko.rails.cs.helsinki.fi/courses/2]


Processing CoursesController#edit (for 128.214.11.7 at 2009-11-12 03:30:30) [GET]
  Parameters: {"id"=>"2"}
Rendering template within layouts/courses
Rendering courses/edit
Completed in 3ms (View: 2, DB: 0) | 200 OK [http://jkoivuko.rails.cs.helsinki.fi/courses/2/edit]


Processing CoursesController#index (for 128.214.11.7 at 2009-11-12 03:30:34) [GET]
Rendering template within layouts/courses
Rendering courses/index
Completed in 22ms (View: 21, DB: 1) | 200 OK [http://jkoivuko.rails.cs.helsinki.fi/courses]


Processing CoursesController#new (for 128.214.11.7 at 2009-11-12 03:30:48) [GET]
Rendering template within layouts/courses
Rendering courses/new
Completed in 3ms (View: 2, DB: 0) | 200 OK [http://jkoivuko.rails.cs.helsinki.fi/courses/new]


Processing CoursesController#create (for 128.214.11.7 at 2009-11-12 03:30:59) [POST]
  Parameters: {"course"=>{"name"=>"test 10", "description"=>"desc 10"}, "commit"=>"Create", "authenticity_token"=>"gp26CzChYSXBYDalMOVF+Yw4UNTq8zD9wh+w2ErXdCI="}
Redirected to http://jkoivuko.rails.cs.helsinki.fi/courses/13
Completed in 17ms (DB: 10) | 302 Found [http://jkoivuko.rails.cs.helsinki.fi/courses]


Processing CoursesController#show (for 128.214.11.7 at 2009-11-12 03:31:01) [GET]
  Parameters: {"id"=>"13"}
Rendering template within layouts/courses
Rendering courses/show
Completed in 2ms (View: 1, DB: 0) | 200 OK [http://jkoivuko.rails.cs.helsinki.fi/courses/13]


Processing CoursesController#edit (for 128.214.11.7 at 2009-11-12 03:31:05) [GET]
  Parameters: {"id"=>"13"}
Rendering template within layouts/courses
Rendering courses/edit
Completed in 3ms (View: 2, DB: 0) | 200 OK [http://jkoivuko.rails.cs.helsinki.fi/courses/13/edit]


Processing CoursesController#index (for 128.214.11.7 at 2009-11-12 03:31:07) [GET]
Rendering template within layouts/courses
Rendering courses/index
Completed in 32ms (View: 30, DB: 0) | 200 OK [http://jkoivuko.rails.cs.helsinki.fi/courses]


Processing CoursesController#index (for 128.214.11.7 at 2009-11-12 03:31:09) [GET]
Rendering template within layouts/courses
Rendering courses/index
Completed in 71ms (View: 69, DB: 0) | 200 OK [http://jkoivuko.rails.cs.helsinki.fi/courses]


Processing CoursesController#index (for 128.214.11.7 at 2009-11-12 03:31:16) [GET]
Rendering template within layouts/courses
Rendering courses/index
Completed in 24ms (View: 23, DB: 0) | 200 OK [http://jkoivuko.rails.cs.helsinki.fi/courses]


Processing CoursesController#show (for 128.214.11.7 at 2009-11-12 03:31:21) [GET]
  Parameters: {"id"=>"2"}
Rendering template within layouts/courses
Rendering courses/show
Completed in 2ms (View: 1, DB: 0) | 200 OK [http://jkoivuko.rails.cs.helsinki.fi/courses/2]


Processing CoursesController#index (for 128.214.11.7 at 2009-11-12 03:31:24) [GET]
Rendering template within layouts/courses
Rendering courses/index
Completed in 24ms (View: 23, DB: 0) | 200 OK [http://jkoivuko.rails.cs.helsinki.fi/courses]


Processing CoursesController#show (for 128.214.11.7 at 2009-11-12 03:31:29) [GET]
  Parameters: {"id"=>"2"}
Rendering template within layouts/courses
Rendering courses/show
Completed in 2ms (View: 1, DB: 0) | 200 OK [http://jkoivuko.rails.cs.helsinki.fi/courses/2]
